c:\users\reide\source\repos\schack\schack\debug\schack.pch
c:\users\reide\source\repos\schack\schack\debug\vc141.pdb
c:\users\reide\source\repos\schack\schack\debug\vc141.idb
c:\users\reide\source\repos\schack\schack\debug\stdafx.obj
c:\users\reide\source\repos\schack\schack\debug\board.obj
c:\users\reide\source\repos\schack\schack\debug\pawn.obj
c:\users\reide\source\repos\schack\schack\debug\piece.obj
c:\users\reide\source\repos\schack\schack\debug\main.obj
c:\users\reide\source\repos\schack\schack\debug\bishop.obj
c:\users\reide\source\repos\schack\schack\debug\queen.obj
c:\users\reide\source\repos\schack\schack\debug\king.obj
c:\users\reide\source\repos\schack\schack\debug\knight.obj
c:\users\reide\source\repos\schack\schack\debug\rook.obj
c:\users\reide\source\repos\schack\schack\debug\rules.obj
c:\users\reide\source\repos\schack\debug\schack.exe
c:\users\reide\source\repos\schack\debug\schack.ilk
c:\users\reide\source\repos\schack\debug\schack.pdb
c:\users\reide\source\repos\schack\schack\debug\schack.tlog\cl.command.1.tlog
c:\users\reide\source\repos\schack\schack\debug\schack.tlog\cl.read.1.tlog
c:\users\reide\source\repos\schack\schack\debug\schack.tlog\cl.write.1.tlog
c:\users\reide\source\repos\schack\schack\debug\schack.tlog\link.command.1.tlog
c:\users\reide\source\repos\schack\schack\debug\schack.tlog\link.read.1.tlog
c:\users\reide\source\repos\schack\schack\debug\schack.tlog\link.write.1.tlog
